Using pre-set license
Built from '2020.2/release' branch; Version is '2020.2.2f1 (068178b99f32) revision 426360'; Using compiler version '192528614'; Build Type 'Release'
OS: 'Windows 10 Pro; OS build 18363.1316; Version 1909; 64bit' Language: 'es' Physical Memory: 16314 MB
BatchMode: 1, IsHumanControllingUs: 0, StartBugReporterOnCrash: 0, Is64bit: 1, IsPro: 0

 COMMAND LINE ARGUMENTS:
C:\Program Files\Unity\Hub\Editor\2020.2.2f1\Editor\Unity.exe
-adb2
-batchMode
-noUpm
-name
AssetImportWorker0
-projectPath
C:/Users/alvar/OneDrive/Escritorio/GameJam2021/Apollo Space Program
-logFile
Logs/AssetImportWorker0.log
-srvPort
60643
Successfully changed project path to: C:/Users/alvar/OneDrive/Escritorio/GameJam2021/Apollo Space Program
C:/Users/alvar/OneDrive/Escritorio/GameJam2021/Apollo Space Program
Using Asset Import Pipeline V2.
Refreshing native plugins compatible for Editor in 26.67 ms, found 0 plugins.
Preloading 0 native plugins for Editor in 0.00 ms.
Initialize engine version: 2020.2.2f1 (068178b99f32)
[Subsystems] Discovering subsystems at path C:/Program Files/Unity/Hub/Editor/2020.2.2f1/Editor/Data/Resources/UnitySubsystems
[Subsystems] Discovering subsystems at path C:/Users/alvar/OneDrive/Escritorio/GameJam2021/Apollo Space Program/Assets
GfxDevice: creating device client; threaded=0
Direct3D:
    Version:  Direct3D 11.0 [level 11.1]
    Renderer: NVIDIA GeForce GTX 960 (ID=0x1401)
    Vendor:   
    VRAM:     4053 MB
    Driver:   27.21.14.6140
Initialize mono
Mono path[0] = 'C:/Program Files/Unity/Hub/Editor/2020.2.2f1/Editor/Data/Managed'
Mono path[1] = 'C:/Program Files/Unity/Hub/Editor/2020.2.2f1/Editor/Data/MonoBleedingEdge/lib/mono/unityjit'
Mono config path = 'C:/Program Files/Unity/Hub/Editor/2020.2.2f1/Editor/Data/MonoBleedingEdge/etc'
Using monoOptions --debugger-agent=transport=dt_socket,embedding=1,server=y,suspend=n,address=127.0.0.1:56800
Begin MonoManager ReloadAssembly
Registering precompiled unity dll's ...
Register platform support module: C:/Program Files/Unity/Hub/Editor/2020.2.2f1/Editor/Data/PlaybackEngines/WindowsStandaloneSupport/UnityEditor.WindowsStandalone.Extensions.dll
Register platform support module: C:/Program Files/Unity/Hub/Editor/2020.2.2f1/Editor/Data/PlaybackEngines/LinuxStandaloneSupport/UnityEditor.LinuxStandalone.Extensions.dll
Registered in 0.004486 seconds.
Native extension for LinuxStandalone target not found
Native extension for WindowsStandalone target not found
Refreshing native plugins compatible for Editor in 30.03 ms, found 0 plugins.
Preloading 0 native plugins for Editor in 0.00 ms.
Invoked RoslynAnalysisRunner static constructor.
RoslynAnalysisRunner will not be running.
RoslynAnalysisRunner has terminated.
Mono: successfully reloaded assembly
- Completed reload, in  2.707 seconds
Platform modules already initialized, skipping
Registering precompiled user dll's ...
Registered in 0.000780 seconds.
Begin MonoManager ReloadAssembly
Native extension for LinuxStandalone target not found
Native extension for WindowsStandalone target not found
Refreshing native plugins compatible for Editor in 0.21 ms, found 0 plugins.
Preloading 0 native plugins for Editor in 0.00 ms.
Invoked RoslynAnalysisRunner static constructor.
RoslynAnalysisRunner will not be running.
RoslynAnalysisRunner has terminated.
Mono: successfully reloaded assembly
- Completed reload, in  1.399 seconds
Platform modules already initialized, skipping
========================================================================
Worker process is ready to serve import requests
Launched and connected shader compiler UnityShaderCompiler.exe after 0.08 seconds
Refreshing native plugins compatible for Editor in 0.20 ms, found 0 plugins.
Preloading 0 native plugins for Editor in 0.00 ms.
Unloading 1076 Unused Serialized files (Serialized files now loaded: 0)
System memory in use before: 55.8 MB.
System memory in use after: 55.8 MB.

Unloading 9 unused Assets to reduce memory usage. Loaded Objects now: 1518.
Total: 1.744700 ms (FindLiveObjects: 0.158300 ms CreateObjectMapping: 0.107000 ms MarkObjects: 1.408800 ms  DeleteObjects: 0.069800 ms)

========================================================================
Received Import Request.
  path: Assets/Scenes
  artifactKey: Guid(1e9f1fdb1cc7fb0408b80874ac470ac0) Importer(815301076,1909f56bfc062723c751e8b465ee728b)
Start importing Assets/Scenes using Guid(1e9f1fdb1cc7fb0408b80874ac470ac0) Importer(815301076,1909f56bfc062723c751e8b465ee728b)  -> (artifact id: 'b7a849781c0ce6ffe95e2dbdc4cd8200') in 0.009065 seconds
  Import took 0.010812 seconds .

========================================================================
Received Import Request.
  Time since last request: 0.000191 seconds.
  path: Assets/Scenes/Upgrades.unity
  artifactKey: Guid(de7a17872939403418be82ecd249e605) Importer(815301076,1909f56bfc062723c751e8b465ee728b)
Start importing Assets/Scenes/Upgrades.unity using Guid(de7a17872939403418be82ecd249e605) Importer(815301076,1909f56bfc062723c751e8b465ee728b)  -> (artifact id: '8a11a65e1d053027023fe306c1ed1de6') in 0.018291 seconds
  Import took 0.020849 seconds .

========================================================================
Received Prepare
Registering precompiled user dll's ...
Registered in 0.000896 seconds.
Begin MonoManager ReloadAssembly
Native extension for LinuxStandalone target not found
Native extension for WindowsStandalone target not found
Refreshing native plugins compatible for Editor in 0.52 ms, found 0 plugins.
Preloading 0 native plugins for Editor in 0.00 ms.
Invoked RoslynAnalysisRunner static constructor.
RoslynAnalysisRunner will not be running.
RoslynAnalysisRunner has terminated.
Mono: successfully reloaded assembly
- Completed reload, in  2.008 seconds
Platform modules already initialized, skipping
Refreshing native plugins compatible for Editor in 0.42 ms, found 0 plugins.
Preloading 0 native plugins for Editor in 0.00 ms.
Unloading 1071 Unused Serialized files (Serialized files now loaded: 0)
System memory in use before: 55.8 MB.
System memory in use after: 55.9 MB.

Unloading 4 unused Assets to reduce memory usage. Loaded Objects now: 1520.
Total: 1.411200 ms (FindLiveObjects: 0.164600 ms CreateObjectMapping: 0.037200 ms MarkObjects: 1.194100 ms  DeleteObjects: 0.014200 ms)

========================================================================
Received Import Request.
  Time since last request: 188.264445 seconds.
  path: Assets/Scripts
  artifactKey: Guid(e5dd9823dddce634abd4e82f4e2df587) Importer(815301076,1909f56bfc062723c751e8b465ee728b)
Start importing Assets/Scripts using Guid(e5dd9823dddce634abd4e82f4e2df587) Importer(815301076,1909f56bfc062723c751e8b465ee728b)  -> (artifact id: '44ffd820ad83095c2b09641b30c919f7') in 0.039406 seconds
  Import took 0.048106 seconds .

========================================================================
Received Import Request.
  Time since last request: 51.727261 seconds.
  path: Assets/Scripts/Upgrades.cs
  artifactKey: Guid(ee8a025db2c5d0a4db9a5c46d787bb57) Importer(815301076,1909f56bfc062723c751e8b465ee728b)
Start importing Assets/Scripts/Upgrades.cs using Guid(ee8a025db2c5d0a4db9a5c46d787bb57) Importer(815301076,1909f56bfc062723c751e8b465ee728b)  -> (artifact id: '478c0a0bf4d3c391a5b1c7e4e6047be5') in 0.092563 seconds
  Import took 0.104078 seconds .

========================================================================
Received Import Request.
  Time since last request: 0.074591 seconds.
  path: Assets/Scripts/Upgrades.cs
  artifactKey: Guid(ee8a025db2c5d0a4db9a5c46d787bb57) Importer(815301076,1909f56bfc062723c751e8b465ee728b)
Start importing Assets/Scripts/Upgrades.cs using Guid(ee8a025db2c5d0a4db9a5c46d787bb57) Importer(815301076,1909f56bfc062723c751e8b465ee728b)  -> (artifact id: '478c0a0bf4d3c391a5b1c7e4e6047be5') in 0.013258 seconds
  Import took 0.017010 seconds .

========================================================================
Received Prepare
Registering precompiled user dll's ...
Registered in 0.000957 seconds.
Begin MonoManager ReloadAssembly
Native extension for LinuxStandalone target not found
Native extension for WindowsStandalone target not found
Refreshing native plugins compatible for Editor in 0.20 ms, found 0 plugins.
Preloading 0 native plugins for Editor in 0.00 ms.
Invoked RoslynAnalysisRunner static constructor.
RoslynAnalysisRunner will not be running.
RoslynAnalysisRunner has terminated.
Mono: successfully reloaded assembly
- Completed reload, in  1.100 seconds
Platform modules already initialized, skipping
Refreshing native plugins compatible for Editor in 0.19 ms, found 0 plugins.
Preloading 0 native plugins for Editor in 0.00 ms.
Unloading 1072 Unused Serialized files (Serialized files now loaded: 0)
System memory in use before: 56.0 MB.
System memory in use after: 56.1 MB.

Unloading 4 unused Assets to reduce memory usage. Loaded Objects now: 1523.
Total: 2.469300 ms (FindLiveObjects: 0.299000 ms CreateObjectMapping: 0.064500 ms MarkObjects: 2.086100 ms  DeleteObjects: 0.017900 ms)

========================================================================
Received Import Request.
  Time since last request: 87.901340 seconds.
  path: Assets/Scenes/SampleScene.unity
  artifactKey: Guid(9fc0d4010bbf28b4594072e72b8655ab) Importer(815301076,1909f56bfc062723c751e8b465ee728b)
Start importing Assets/Scenes/SampleScene.unity using Guid(9fc0d4010bbf28b4594072e72b8655ab) Importer(815301076,1909f56bfc062723c751e8b465ee728b)  -> (artifact id: 'd18b3ad0df937d0e412662c6d91dd496') in 0.026437 seconds
  Import took 0.028959 seconds .

========================================================================
Received Import Request.
  Time since last request: 256.032950 seconds.
  path: Assets/Scenes/Upgrades.unity
  artifactKey: Guid(de7a17872939403418be82ecd249e605) Importer(815301076,1909f56bfc062723c751e8b465ee728b)
Start importing Assets/Scenes/Upgrades.unity using Guid(de7a17872939403418be82ecd249e605) Importer(815301076,1909f56bfc062723c751e8b465ee728b)  -> (artifact id: '4f64cc778e69042d3681bf922479009e') in 0.028963 seconds
  Import took 0.032317 seconds .

========================================================================
Received Import Request.
  Time since last request: 13.579575 seconds.
  path: Assets/Scenes/Menu.unity
  artifactKey: Guid(dd0005691e83bed44aee2526e365d848) Importer(815301076,1909f56bfc062723c751e8b465ee728b)
Start importing Assets/Scenes/Menu.unity using Guid(dd0005691e83bed44aee2526e365d848) Importer(815301076,1909f56bfc062723c751e8b465ee728b)  -> (artifact id: '1f342afd227b6109efe45e4f050b3bd3') in 0.015955 seconds
  Import took 0.017936 seconds .

========================================================================
Received Import Request.
  Time since last request: 246.836723 seconds.
  path: Assets/Scripts/Upgrades.cs
  artifactKey: Guid(ee8a025db2c5d0a4db9a5c46d787bb57) Importer(815301076,1909f56bfc062723c751e8b465ee728b)
Start importing Assets/Scripts/Upgrades.cs using Guid(ee8a025db2c5d0a4db9a5c46d787bb57) Importer(815301076,1909f56bfc062723c751e8b465ee728b)  -> (artifact id: 'aceeaa7bfc77112438c355f29d1e32bc') in 0.015681 seconds
  Import took 0.021030 seconds .

========================================================================
Received Prepare
Registering precompiled user dll's ...
Registered in 0.000860 seconds.
Begin MonoManager ReloadAssembly
Native extension for LinuxStandalone target not found
Native extension for WindowsStandalone target not found
Refreshing native plugins compatible for Editor in 0.20 ms, found 0 plugins.
Preloading 0 native plugins for Editor in 0.00 ms.
Invoked RoslynAnalysisRunner static constructor.
RoslynAnalysisRunner will not be running.
RoslynAnalysisRunner has terminated.
Mono: successfully reloaded assembly
- Completed reload, in  1.007 seconds
Platform modules already initialized, skipping
Refreshing native plugins compatible for Editor in 0.18 ms, found 0 plugins.
Preloading 0 native plugins for Editor in 0.00 ms.
Unloading 1072 Unused Serialized files (Serialized files now loaded: 0)
System memory in use before: 56.1 MB.
System memory in use after: 56.2 MB.

Unloading 4 unused Assets to reduce memory usage. Loaded Objects now: 1525.
Total: 1.496800 ms (FindLiveObjects: 0.168500 ms CreateObjectMapping: 0.052500 ms MarkObjects: 1.260500 ms  DeleteObjects: 0.014200 ms)

========================================================================
Received Import Request.
  Time since last request: 25.392725 seconds.
  path: Assets/Scripts/Upgrades.cs
  artifactKey: Guid(ee8a025db2c5d0a4db9a5c46d787bb57) Importer(815301076,1909f56bfc062723c751e8b465ee728b)
Start importing Assets/Scripts/Upgrades.cs using Guid(ee8a025db2c5d0a4db9a5c46d787bb57) Importer(815301076,1909f56bfc062723c751e8b465ee728b)  -> (artifact id: '54da05aef4e365320966665ad8ae2536') in 0.007570 seconds
  Import took 0.009529 seconds .

AssetImportWorkerClient::OnTransportError - code=2 error=End of file
